2024-08-21 00:24:31[logger.ts] info: "Server is running on http://localhost:8002"
2024-08-21 00:24:31[logger.ts] info: "Attempting to connect to MongoDB..."
2024-08-21 00:24:31[logger.ts] info: "Cache is connecting"
2024-08-21 00:24:31[logger.ts] info: "Cache is ready"
2024-08-21 00:24:31[logger.ts] info: "Completed Jobs: sendEmail-job (ID: 22), sendEmail-job (ID: 21), sendEmail-job (ID: 20), sendEmail-job (ID: 19), sendEmail-job (ID: 18), sendEmail-job (ID: 17), sendEmail-job (ID: 16), sendEmail-job (ID: 15), notification-job (ID: 14), notification-job (ID: 13), notification-job (ID: 12), notification-job (ID: 11), notification-job (ID: 10), notification-job (ID: 9), notification-job (ID: 8), notification-job (ID: 7), notification-job (ID: 6), notification-job (ID: 5), notification-job (ID: 4), notification-job (ID: 3), notification-job (ID: 2), notification-job (ID: 1)"
2024-08-21 00:24:31[logger.ts] info: "No waiting jobs."
2024-08-21 00:24:31[logger.ts] info: "No active jobs."
2024-08-21 00:24:31[logger.ts] info: "No failed jobs."
2024-08-21 00:24:34[logger.ts] info: "MongoDB connection established successfully"
2024-08-21 00:24:39[logger.ts] info: "Initiating graceful shutdown..."
2024-08-21 00:24:40[logger.ts] info: "Server is running on http://localhost:8002"
2024-08-21 00:24:40[logger.ts] info: "Attempting to connect to MongoDB..."
2024-08-21 00:24:40[logger.ts] info: "Cache is connecting"
2024-08-21 00:24:40[logger.ts] info: "Cache is ready"
2024-08-21 00:24:40[logger.ts] info: "Completed Jobs: sendEmail-job (ID: 22), sendEmail-job (ID: 21), sendEmail-job (ID: 20), sendEmail-job (ID: 19), sendEmail-job (ID: 18), sendEmail-job (ID: 17), sendEmail-job (ID: 16), sendEmail-job (ID: 15), notification-job (ID: 14), notification-job (ID: 13), notification-job (ID: 12), notification-job (ID: 11), notification-job (ID: 10), notification-job (ID: 9), notification-job (ID: 8), notification-job (ID: 7), notification-job (ID: 6), notification-job (ID: 5), notification-job (ID: 4), notification-job (ID: 3), notification-job (ID: 2), notification-job (ID: 1)"
2024-08-21 00:24:40[logger.ts] info: "No waiting jobs."
2024-08-21 00:24:40[logger.ts] info: "No active jobs."
2024-08-21 00:24:40[logger.ts] info: "No failed jobs."
2024-08-21 00:24:42[logger.ts] info: "MongoDB connection established successfully"
2024-08-21 00:46:11[logger.ts] info: "Initiating graceful shutdown..."
