2024-07-24 23:00:00[logger.ts] info: "Server is running on http://localhost:8001"
2024-07-24 23:00:00[logger.ts] info: "Cache is connecting"
2024-07-24 23:00:00[logger.ts] info: "Cache is ready"
2024-07-24 23:00:03[logger.ts] info: "MongoDB connection established successfully"
2024-07-24 23:00:29[logger.ts] info: "Shutting down server..."
2024-07-24 23:00:30[logger.ts] info: "Server is running on http://localhost:8001"
2024-07-24 23:00:30[logger.ts] info: "Cache is connecting"
2024-07-24 23:00:30[logger.ts] info: "Cache is ready"
2024-07-24 23:00:32[logger.ts] info: "MongoDB connection established successfully"
2024-07-24 23:01:26[logger.ts] info: "Shutting down server..."
2024-07-24 23:01:27[logger.ts] info: "Server is running on http://localhost:8001"
2024-07-24 23:01:27[logger.ts] info: "MongoDB connection established successfully"
2024-07-24 23:01:27[logger.ts] info: "Cache is connecting"
2024-07-24 23:01:27[logger.ts] info: "Cache is ready"
2024-07-24 23:01:30[logger.ts] info: "Shutting down server..."
2024-07-24 23:01:45[logger.ts] info: "Server is running on http://localhost:8001"
2024-07-24 23:01:45[logger.ts] info: "MongoDB connection established successfully"
2024-07-24 23:01:45[logger.ts] info: "Cache is connecting"
2024-07-24 23:01:45[logger.ts] info: "Cache is ready"
2024-07-24 23:01:45[logger.ts] warn: "MongoDB connection failed. Retrying in 5 seconds... (5 retries left) querySrv ETIMEOUT _mongodb._tcp.event.knaet9c.mongodb.net"
2024-07-24 23:01:50[logger.ts] warn: "MongoDB connection failed. Retrying in 5 seconds... (4 retries left) querySrv ETIMEOUT _mongodb._tcp.event.knaet9c.mongodb.net"
2024-07-24 23:01:55[logger.ts] warn: "MongoDB connection failed. Retrying in 5 seconds... (3 retries left) querySrv ETIMEOUT _mongodb._tcp.event.knaet9c.mongodb.net"
2024-07-24 23:02:00[logger.ts] warn: "MongoDB connection failed. Retrying in 5 seconds... (2 retries left) querySrv ETIMEOUT _mongodb._tcp.event.knaet9c.mongodb.net"
2024-07-24 23:02:05[logger.ts] warn: "MongoDB connection failed. Retrying in 5 seconds... (1 retries left) querySrv ETIMEOUT _mongodb._tcp.event.knaet9c.mongodb.net"
2024-07-24 23:02:10[logger.ts] error: "MongoDB connection error: querySrv ETIMEOUT _mongodb._tcp.event.knaet9c.mongodb.net"
2024-07-24 23:03:16[logger.ts] info: "Server is running on http://localhost:8001"
2024-07-24 23:03:16[logger.ts] info: "Cache is connecting"
2024-07-24 23:03:16[logger.ts] info: "Cache is ready"
2024-07-24 23:03:21[logger.ts] info: "MongoDB connection established successfully"
2024-07-24 23:05:40[logger.ts] info: "Shutting down server..."
2024-07-24 23:05:41[logger.ts] info: "Server is running on http://localhost:8001"
2024-07-24 23:05:41[logger.ts] info: "Attempting to connect to MongoDB..."
2024-07-24 23:05:41[logger.ts] info: "Cache is connecting"
2024-07-24 23:05:41[logger.ts] info: "Cache is ready"
2024-07-24 23:05:44[logger.ts] info: "MongoDB connection established successfully"
2024-07-24 23:05:49[logger.ts] info: "Shutting down server..."
2024-07-24 23:06:02[logger.ts] info: "Server is running on http://localhost:8001"
2024-07-24 23:06:02[logger.ts] info: "Attempting to connect to MongoDB..."
2024-07-24 23:06:02[logger.ts] info: "Cache is connecting"
2024-07-24 23:06:02[logger.ts] error: "MongoDB connection error: querySrv ETIMEOUT _mongodb._tcp.event.knaet9c.mongodb.net"
2024-07-24 23:06:02[logger.ts] warn: "Retrying MongoDB connection in 5 seconds... (5 retries left)"
2024-07-24 23:06:02[logger.ts] info: "Cache is ready"
2024-07-24 23:06:07[logger.ts] info: "Attempting to connect to MongoDB..."
2024-07-24 23:06:07[logger.ts] error: "MongoDB connection error: querySrv ETIMEOUT _mongodb._tcp.event.knaet9c.mongodb.net"
2024-07-24 23:06:07[logger.ts] warn: "Retrying MongoDB connection in 5 seconds... (4 retries left)"
2024-07-24 23:06:12[logger.ts] info: "Attempting to connect to MongoDB..."
2024-07-24 23:06:12[logger.ts] error: "MongoDB connection error: querySrv ETIMEOUT _mongodb._tcp.event.knaet9c.mongodb.net"
2024-07-24 23:06:12[logger.ts] warn: "Retrying MongoDB connection in 5 seconds... (3 retries left)"
2024-07-24 23:06:17[logger.ts] info: "Attempting to connect to MongoDB..."
2024-07-24 23:06:17[logger.ts] error: "MongoDB connection error: querySrv ETIMEOUT _mongodb._tcp.event.knaet9c.mongodb.net"
2024-07-24 23:06:17[logger.ts] warn: "Retrying MongoDB connection in 5 seconds... (2 retries left)"
2024-07-24 23:06:22[logger.ts] info: "Attempting to connect to MongoDB..."
2024-07-24 23:06:22[logger.ts] error: "MongoDB connection error: querySrv ETIMEOUT _mongodb._tcp.event.knaet9c.mongodb.net"
2024-07-24 23:06:22[logger.ts] warn: "Retrying MongoDB connection in 5 seconds... (1 retries left)"
2024-07-24 23:06:27[logger.ts] info: "Attempting to connect to MongoDB..."
2024-07-24 23:06:27[logger.ts] error: "MongoDB connection error: querySrv ETIMEOUT _mongodb._tcp.event.knaet9c.mongodb.net"
2024-07-24 23:07:00[logger.ts] info: "Server is running on http://localhost:8001"
2024-07-24 23:07:00[logger.ts] info: "Attempting to connect to MongoDB..."
2024-07-24 23:07:00[logger.ts] info: "Cache is connecting"
2024-07-24 23:07:00[logger.ts] info: "Cache is ready"
2024-07-24 23:07:02[logger.ts] info: "MongoDB connection established successfully"
2024-07-24 23:07:32[logger.ts] info: "Shutting down server..."
2024-07-24 23:07:33[logger.ts] info: "Server is running on http://localhost:8001"
2024-07-24 23:07:33[logger.ts] info: "Attempting to connect to MongoDB..."
2024-07-24 23:07:33[logger.ts] info: "Cache is connecting"
2024-07-24 23:07:33[logger.ts] info: "Cache is ready"
2024-07-24 23:07:34[logger.ts] info: "MongoDB connection established successfully"
2024-07-24 23:10:33[logger.ts] info: "Shutting down server..."
2024-07-24 23:10:34[logger.ts] info: "Server is running on http://localhost:8001"
2024-07-24 23:10:34[logger.ts] info: "Attempting to connect to MongoDB..."
2024-07-24 23:10:34[logger.ts] info: "Cache is connecting"
2024-07-24 23:10:34[logger.ts] info: "Cache is ready"
2024-07-24 23:10:37[logger.ts] info: "MongoDB connection established successfully"
2024-07-24 23:11:37[logger.ts] info: "Shutting down server..."
2024-07-24 23:11:37[logger.ts] info: "Server is running on http://localhost:8001"
2024-07-24 23:11:37[logger.ts] info: "Attempting to connect to MongoDB..."
2024-07-24 23:11:37[logger.ts] info: "Cache is connecting"
2024-07-24 23:11:37[logger.ts] info: "Cache is ready"
2024-07-24 23:11:39[logger.ts] info: "MongoDB connection established successfully"
2024-07-24 23:16:33[logger.ts] info: "Shutting down server..."
2024-07-24 23:16:57[logger.ts] info: "Server is running on http://localhost:8001"
2024-07-24 23:16:57[logger.ts] info: "Attempting to connect to MongoDB..."
2024-07-24 23:16:57[logger.ts] info: "Cache is connecting"
2024-07-24 23:16:57[logger.ts] info: "Cache is ready"
2024-07-24 23:17:00[logger.ts] info: "MongoDB connection established successfully"
2024-07-24 23:18:25[logger.ts] info: "Shutting down server..."
2024-07-24 23:22:02[logger.ts] info: "Server is running on http://localhost:8001"
2024-07-24 23:22:02[logger.ts] info: "Attempting to connect to MongoDB..."
2024-07-24 23:22:02[logger.ts] info: "Cache is connecting"
2024-07-24 23:22:02[logger.ts] info: "Cache is ready"
2024-07-24 23:22:06[logger.ts] info: "MongoDB connection established successfully"
2024-07-24 23:26:15[logger.ts] info: "Shutting down server..."
2024-07-24 23:26:15[logger.ts] info: "Server is running on http://localhost:8001"
2024-07-24 23:26:15[logger.ts] info: "Attempting to connect to MongoDB..."
2024-07-24 23:26:15[logger.ts] info: "Cache is connecting"
2024-07-24 23:26:15[logger.ts] info: "Cache is ready"
2024-07-24 23:26:18[logger.ts] info: "MongoDB connection established successfully"
2024-07-24 23:27:00[logger.ts] info: "Shutting down server..."
2024-07-24 23:27:00[logger.ts] info: "Server is running on http://localhost:8001"
2024-07-24 23:27:00[logger.ts] info: "Attempting to connect to MongoDB..."
2024-07-24 23:27:00[logger.ts] info: "Cache is connecting"
2024-07-24 23:27:00[logger.ts] info: "Cache is ready"
2024-07-24 23:27:02[logger.ts] info: "MongoDB connection established successfully"
2024-07-24 23:33:36[logger.ts] info: "Shutting down server..."
2024-07-24 23:33:36[logger.ts] info: "Server is running on http://localhost:8001"
2024-07-24 23:33:36[logger.ts] info: "Attempting to connect to MongoDB..."
2024-07-24 23:33:37[logger.ts] info: "Cache is connecting"
2024-07-24 23:33:37[logger.ts] info: "Cache is ready"
2024-07-24 23:33:40[logger.ts] info: "MongoDB connection established successfully"
2024-07-24 23:37:50[logger.ts] info: "Shutting down server..."
2024-07-24 23:37:50[logger.ts] info: "Server is running on http://localhost:8001"
2024-07-24 23:37:50[logger.ts] info: "Attempting to connect to MongoDB..."
2024-07-24 23:37:50[logger.ts] info: "Cache is connecting"
2024-07-24 23:37:50[logger.ts] info: "Cache is ready"
2024-07-24 23:37:54[logger.ts] info: "MongoDB connection established successfully"
2024-07-24 23:38:00[logger.ts] info: "::1 - - [24/Jul/2024:22:38:00 +0000] \"GET /favicon.ico HTTP/1.1\" 400 129 \"-\" \"Mozilla/5.0 (Macintosh; Intel Mac OS X 10_15_7) AppleWebKit/537.36 (KHTML, like Gecko) Chrome/126.0.0.0 Safari/537.36\""
2024-07-24 23:38:04[logger.ts] info: "::1 - - [24/Jul/2024:22:38:04 +0000] \"GET /jj HTTP/1.1\" 400 120 \"-\" \"Mozilla/5.0 (Macintosh; Intel Mac OS X 10_15_7) AppleWebKit/537.36 (KHTML, like Gecko) Chrome/126.0.0.0 Safari/537.36\""
2024-07-24 23:38:04[logger.ts] info: "::1 - - [24/Jul/2024:22:38:04 +0000] \"GET /favicon.ico HTTP/1.1\" 400 129 \"-\" \"Mozilla/5.0 (Macintosh; Intel Mac OS X 10_15_7) AppleWebKit/537.36 (KHTML, like Gecko) Chrome/126.0.0.0 Safari/537.36\""
2024-07-24 23:39:16[logger.ts] info: "Shutting down server..."
2024-07-24 23:39:16[logger.ts] info: "Server is running on http://localhost:8001"
2024-07-24 23:39:16[logger.ts] info: "Attempting to connect to MongoDB..."
2024-07-24 23:39:16[logger.ts] info: "Cache is connecting"
2024-07-24 23:39:16[logger.ts] info: "Cache is ready"
2024-07-24 23:39:18[logger.ts] info: "MongoDB connection established successfully"
2024-07-24 23:39:20[logger.ts] info: "::1 - - [24/Jul/2024:22:39:20 +0000] \"GET / HTTP/1.1\" 403 75 \"-\" \"Mozilla/5.0 (Macintosh; Intel Mac OS X 10_15_7) AppleWebKit/537.36 (KHTML, like Gecko) Chrome/126.0.0.0 Safari/537.36\""
2024-07-24 23:39:20[logger.ts] info: "::1 - - [24/Jul/2024:22:39:20 +0000] \"GET /favicon.ico HTTP/1.1\" 403 75 \"-\" \"Mozilla/5.0 (Macintosh; Intel Mac OS X 10_15_7) AppleWebKit/537.36 (KHTML, like Gecko) Chrome/126.0.0.0 Safari/537.36\""
2024-07-24 23:39:35[logger.ts] info: "Shutting down server..."
2024-07-24 23:39:35[logger.ts] info: "Server is running on http://localhost:8001"
2024-07-24 23:39:35[logger.ts] info: "Attempting to connect to MongoDB..."
2024-07-24 23:39:35[logger.ts] info: "Cache is connecting"
2024-07-24 23:39:35[logger.ts] info: "Cache is ready"
2024-07-24 23:39:38[logger.ts] info: "MongoDB connection established successfully"
2024-07-24 23:39:39[logger.ts] info: "::1 - - [24/Jul/2024:22:39:39 +0000] \"GET / HTTP/1.1\" 200 23 \"-\" \"Mozilla/5.0 (Macintosh; Intel Mac OS X 10_15_7) AppleWebKit/537.36 (KHTML, like Gecko) Chrome/126.0.0.0 Safari/537.36\""
2024-07-24 23:39:39[logger.ts] info: "::1 - - [24/Jul/2024:22:39:39 +0000] \"GET /favicon.ico HTTP/1.1\" 400 129 \"-\" \"Mozilla/5.0 (Macintosh; Intel Mac OS X 10_15_7) AppleWebKit/537.36 (KHTML, like Gecko) Chrome/126.0.0.0 Safari/537.36\""
2024-07-24 23:44:18[logger.ts] info: "Shutting down server..."
2024-07-24 23:44:19[logger.ts] info: "Server is running on http://localhost:8001"
2024-07-24 23:44:19[logger.ts] info: "Attempting to connect to MongoDB..."
2024-07-24 23:44:19[logger.ts] info: "Cache is connecting"
2024-07-24 23:44:19[logger.ts] info: "Cache is ready"
2024-07-24 23:44:22[logger.ts] info: "MongoDB connection established successfully"
