2024-07-25 00:19:43[logger.ts] info: "Server is running on http://localhost:8001"
2024-07-25 00:19:43[logger.ts] info: "Attempting to connect to MongoDB..."
2024-07-25 00:19:43[logger.ts] info: "Cache is connecting"
2024-07-25 00:19:43[logger.ts] info: "Cache is ready"
2024-07-25 00:19:45[logger.ts] info: "MongoDB connection established successfully"
2024-07-25 00:22:17[logger.ts] info: "Shutting down server..."
2024-07-25 00:22:17[logger.ts] info: "Server is running on http://localhost:8001"
2024-07-25 00:22:17[logger.ts] info: "Attempting to connect to MongoDB..."
2024-07-25 00:22:17[logger.ts] info: "Cache is connecting"
2024-07-25 00:22:17[logger.ts] info: "Cache is ready"
2024-07-25 00:22:21[logger.ts] info: "MongoDB connection established successfully"
2024-07-25 00:22:30[logger.ts] info: "Shutting down server..."
2024-07-25 00:22:31[logger.ts] info: "Server is running on http://localhost:8001"
2024-07-25 00:22:31[logger.ts] info: "Attempting to connect to MongoDB..."
2024-07-25 00:22:31[logger.ts] info: "Cache is connecting"
2024-07-25 00:22:31[logger.ts] info: "Cache is ready"
2024-07-25 00:22:32[logger.ts] info: "MongoDB connection established successfully"
2024-07-25 00:23:04[logger.ts] info: "Shutting down server..."
2024-07-25 00:23:05[logger.ts] info: "Server is running on http://localhost:8001"
2024-07-25 00:23:05[logger.ts] info: "Attempting to connect to MongoDB..."
2024-07-25 00:23:05[logger.ts] info: "Cache is connecting"
2024-07-25 00:23:05[logger.ts] info: "Cache is ready"
2024-07-25 00:23:06[logger.ts] info: "MongoDB connection established successfully"
2024-07-25 00:26:14[logger.ts] info: "::1 - - [24/Jul/2024:23:26:14 +0000] \"GET / HTTP/1.1\" 304 - \"-\" \"Mozilla/5.0 (Macintosh; Intel Mac OS X 10_15_7) AppleWebKit/537.36 (KHTML, like Gecko) Chrome/126.0.0.0 Safari/537.36\""
2024-07-25 00:26:14[logger.ts] info: "::1 - - [24/Jul/2024:23:26:14 +0000] \"GET /favicon.ico HTTP/1.1\" 404 - \"-\" \"Mozilla/5.0 (Macintosh; Intel Mac OS X 10_15_7) AppleWebKit/537.36 (KHTML, like Gecko) Chrome/126.0.0.0 Safari/537.36\""
2024-07-25 00:26:51[logger.ts] info: "::1 - - [24/Jul/2024:23:26:51 +0000] \"GET /jj HTTP/1.1\" 404 - \"-\" \"Mozilla/5.0 (Macintosh; Intel Mac OS X 10_15_7) AppleWebKit/537.36 (KHTML, like Gecko) Chrome/126.0.0.0 Safari/537.36\""
2024-07-25 00:29:00[logger.ts] info: "::1 - - [24/Jul/2024:23:29:00 +0000] \"GET / HTTP/1.1\" 304 - \"-\" \"Mozilla/5.0 (Macintosh; Intel Mac OS X 10_15_7) AppleWebKit/537.36 (KHTML, like Gecko) Chrome/126.0.0.0 Safari/537.36\""
2024-07-25 00:29:07[logger.ts] info: "Shutting down server..."
2024-07-25 00:29:16[logger.ts] info: "Server is running on http://localhost:8001"
2024-07-25 00:29:16[logger.ts] info: "Attempting to connect to MongoDB..."
2024-07-25 00:29:16[logger.ts] info: "Cache is connecting"
2024-07-25 00:29:16[logger.ts] info: "Cache is ready"
2024-07-25 00:29:20[logger.ts] info: "MongoDB connection established successfully"
2024-07-25 00:29:40[logger.ts] info: "::1 - - [24/Jul/2024:23:29:40 +0000] \"GET / HTTP/1.1\" 304 - \"-\" \"Mozilla/5.0 (Macintosh; Intel Mac OS X 10_15_7) AppleWebKit/537.36 (KHTML, like Gecko) Chrome/126.0.0.0 Safari/537.36\""
2024-07-25 00:29:56[logger.ts] info: "::1 - - [24/Jul/2024:23:29:56 +0000] \"GET /jj HTTP/1.1\" 404 - \"-\" \"Mozilla/5.0 (Macintosh; Intel Mac OS X 10_15_7) AppleWebKit/537.36 (KHTML, like Gecko) Chrome/126.0.0.0 Safari/537.36\""
2024-07-25 00:35:36[logger.ts] info: "Shutting down server..."
2024-07-25 00:35:36[logger.ts] info: "Server is running on http://localhost:8001"
2024-07-25 00:35:36[logger.ts] info: "Attempting to connect to MongoDB..."
2024-07-25 00:35:36[logger.ts] info: "Cache is connecting"
2024-07-25 00:35:36[logger.ts] info: "Cache is ready"
2024-07-25 00:35:40[logger.ts] info: "MongoDB connection established successfully"
2024-07-25 00:35:45[logger.ts] info: "Shutting down server..."
2024-07-25 00:35:45[logger.ts] info: "Server is running on http://localhost:8001"
2024-07-25 00:35:45[logger.ts] info: "Attempting to connect to MongoDB..."
2024-07-25 00:35:45[logger.ts] info: "Cache is connecting"
2024-07-25 00:35:45[logger.ts] info: "Cache is ready"
2024-07-25 00:35:46[logger.ts] info: "Shutting down server..."
2024-07-25 00:35:47[logger.ts] info: "Server is running on http://localhost:8001"
2024-07-25 00:35:47[logger.ts] info: "Attempting to connect to MongoDB..."
2024-07-25 00:35:47[logger.ts] info: "Cache is connecting"
2024-07-25 00:35:47[logger.ts] info: "Cache is ready"
2024-07-25 00:35:48[logger.ts] info: "MongoDB connection established successfully"
2024-07-25 00:35:53[logger.ts] info: "::1 - - [24/Jul/2024:23:35:53 +0000] \"GET /jj HTTP/1.1\" 404 120 \"-\" \"Mozilla/5.0 (Macintosh; Intel Mac OS X 10_15_7) AppleWebKit/537.36 (KHTML, like Gecko) Chrome/126.0.0.0 Safari/537.36\""
2024-07-25 00:36:46[logger.ts] info: "Shutting down server..."
2024-07-25 00:36:46[logger.ts] info: "Server is running on http://localhost:8001"
2024-07-25 00:36:46[logger.ts] info: "Attempting to connect to MongoDB..."
2024-07-25 00:36:46[logger.ts] info: "Cache is connecting"
2024-07-25 00:36:46[logger.ts] info: "Cache is ready"
2024-07-25 00:36:48[logger.ts] info: "MongoDB connection established successfully"
2024-07-25 00:37:17[logger.ts] info: "Shutting down server..."
2024-07-25 00:37:18[logger.ts] info: "Server is running on http://localhost:8001"
2024-07-25 00:37:18[logger.ts] info: "Attempting to connect to MongoDB..."
2024-07-25 00:37:18[logger.ts] info: "Cache is connecting"
2024-07-25 00:37:18[logger.ts] info: "Cache is ready"
2024-07-25 00:37:21[logger.ts] info: "::1 - - [24/Jul/2024:23:37:21 +0000] \"GET / HTTP/1.1\" 304 - \"-\" \"Mozilla/5.0 (Macintosh; Intel Mac OS X 10_15_7) AppleWebKit/537.36 (KHTML, like Gecko) Chrome/126.0.0.0 Safari/537.36\""
2024-07-25 00:37:21[logger.ts] info: "MongoDB connection established successfully"
2024-07-25 00:37:23[logger.ts] info: "Shutting down server..."
2024-07-25 00:37:24[logger.ts] info: "Server is running on http://localhost:8001"
2024-07-25 00:37:24[logger.ts] info: "Attempting to connect to MongoDB..."
2024-07-25 00:37:24[logger.ts] info: "Cache is connecting"
2024-07-25 00:37:24[logger.ts] info: "Cache is ready"
2024-07-25 00:37:25[logger.ts] info: "MongoDB connection established successfully"
2024-07-25 00:37:46[logger.ts] info: "Shutting down server..."
2024-07-25 00:37:47[logger.ts] info: "Server is running on http://localhost:8001"
2024-07-25 00:37:47[logger.ts] info: "Attempting to connect to MongoDB..."
2024-07-25 00:37:47[logger.ts] info: "Cache is connecting"
2024-07-25 00:37:47[logger.ts] info: "Cache is ready"
2024-07-25 00:37:48[logger.ts] info: "MongoDB connection established successfully"
2024-07-25 00:37:50[logger.ts] info: "::1 - - [24/Jul/2024:23:37:50 +0000] \"GET /jj HTTP/1.1\" 404 - \"-\" \"Mozilla/5.0 (Macintosh; Intel Mac OS X 10_15_7) AppleWebKit/537.36 (KHTML, like Gecko) Chrome/126.0.0.0 Safari/537.36\""
2024-07-25 00:37:51[logger.ts] info: "::1 - - [24/Jul/2024:23:37:51 +0000] \"GET /jj HTTP/1.1\" 404 - \"-\" \"Mozilla/5.0 (Macintosh; Intel Mac OS X 10_15_7) AppleWebKit/537.36 (KHTML, like Gecko) Chrome/126.0.0.0 Safari/537.36\""
2024-07-25 00:38:02[logger.ts] info: "Shutting down server..."
2024-07-25 00:38:05[logger.ts] info: "Server is running on http://localhost:8001"
2024-07-25 00:38:05[logger.ts] info: "Attempting to connect to MongoDB..."
2024-07-25 00:38:05[logger.ts] info: "Cache is connecting"
2024-07-25 00:38:05[logger.ts] info: "Cache is ready"
2024-07-25 00:38:07[logger.ts] info: "MongoDB connection established successfully"
2024-07-25 00:38:09[logger.ts] info: "::1 - - [24/Jul/2024:23:38:09 +0000] \"GET /jj HTTP/1.1\" 404 - \"-\" \"Mozilla/5.0 (Macintosh; Intel Mac OS X 10_15_7) AppleWebKit/537.36 (KHTML, like Gecko) Chrome/126.0.0.0 Safari/537.36\""
2024-07-25 00:38:44[logger.ts] info: "Shutting down server..."
2024-07-25 00:38:45[logger.ts] info: "Server is running on http://localhost:8001"
2024-07-25 00:38:45[logger.ts] info: "Attempting to connect to MongoDB..."
2024-07-25 00:38:45[logger.ts] info: "Cache is connecting"
2024-07-25 00:38:45[logger.ts] info: "Cache is ready"
2024-07-25 00:38:47[logger.ts] info: "MongoDB connection established successfully"
2024-07-25 00:38:47[logger.ts] info: "::1 - - [24/Jul/2024:23:38:47 +0000] \"GET /jj HTTP/1.1\" 404 - \"-\" \"Mozilla/5.0 (Macintosh; Intel Mac OS X 10_15_7) AppleWebKit/537.36 (KHTML, like Gecko) Chrome/126.0.0.0 Safari/537.36\""
2024-07-25 00:38:51[logger.ts] info: "::1 - - [24/Jul/2024:23:38:51 +0000] \"GET /jj HTTP/1.1\" 404 - \"-\" \"Mozilla/5.0 (Macintosh; Intel Mac OS X 10_15_7) AppleWebKit/537.36 (KHTML, like Gecko) Chrome/126.0.0.0 Safari/537.36\""
2024-07-25 00:39:07[logger.ts] info: "Shutting down server..."
2024-07-25 00:39:08[logger.ts] info: "Server is running on http://localhost:8001"
2024-07-25 00:39:08[logger.ts] info: "Attempting to connect to MongoDB..."
2024-07-25 00:39:08[logger.ts] info: "Cache is connecting"
2024-07-25 00:39:08[logger.ts] info: "Cache is ready"
2024-07-25 00:39:11[logger.ts] info: "MongoDB connection established successfully"
2024-07-25 00:39:41[logger.ts] info: "Shutting down server..."
2024-07-25 00:39:42[logger.ts] info: "Server is running on http://localhost:8001"
2024-07-25 00:39:42[logger.ts] info: "Attempting to connect to MongoDB..."
2024-07-25 00:39:42[logger.ts] info: "Cache is connecting"
2024-07-25 00:39:42[logger.ts] info: "Cache is ready"
2024-07-25 00:39:43[logger.ts] info: "MongoDB connection established successfully"
2024-07-25 00:39:45[logger.ts] info: "::1 - - [24/Jul/2024:23:39:45 +0000] \"GET /jj HTTP/1.1\" 404 120 \"-\" \"Mozilla/5.0 (Macintosh; Intel Mac OS X 10_15_7) AppleWebKit/537.36 (KHTML, like Gecko) Chrome/126.0.0.0 Safari/537.36\""
2024-07-25 00:42:23[logger.ts] info: "Shutting down server..."
2024-07-25 00:42:24[logger.ts] info: "Server is running on http://localhost:8001"
2024-07-25 00:42:24[logger.ts] info: "Attempting to connect to MongoDB..."
2024-07-25 00:42:24[logger.ts] info: "Cache is connecting"
2024-07-25 00:42:24[logger.ts] info: "Cache is ready"
2024-07-25 00:42:27[logger.ts] info: "MongoDB connection established successfully"
2024-07-25 00:42:38[logger.ts] info: "Shutting down server..."
2024-07-25 00:42:38[logger.ts] info: "Server is running on http://localhost:8001"
2024-07-25 00:42:38[logger.ts] info: "Attempting to connect to MongoDB..."
2024-07-25 00:42:38[logger.ts] info: "Cache is connecting"
2024-07-25 00:42:38[logger.ts] info: "Cache is ready"
2024-07-25 00:42:40[logger.ts] info: "MongoDB connection established successfully"
2024-07-25 00:42:41[logger.ts] info: "::1 - - [24/Jul/2024:23:42:41 +0000] \"GET /jj HTTP/1.1\" 404 - \"-\" \"Mozilla/5.0 (Macintosh; Intel Mac OS X 10_15_7) AppleWebKit/537.36 (KHTML, like Gecko) Chrome/126.0.0.0 Safari/537.36\""
2024-07-25 00:42:43[logger.ts] info: "::1 - - [24/Jul/2024:23:42:43 +0000] \"GET /jj HTTP/1.1\" 404 - \"-\" \"Mozilla/5.0 (Macintosh; Intel Mac OS X 10_15_7) AppleWebKit/537.36 (KHTML, like Gecko) Chrome/126.0.0.0 Safari/537.36\""
2024-07-25 00:43:03[logger.ts] info: "Shutting down server..."
2024-07-25 00:43:03[logger.ts] info: "Server is running on http://localhost:8001"
2024-07-25 00:43:03[logger.ts] info: "Attempting to connect to MongoDB..."
2024-07-25 00:43:03[logger.ts] info: "Cache is connecting"
2024-07-25 00:43:03[logger.ts] info: "Cache is ready"
2024-07-25 00:43:05[logger.ts] info: "::1 - - [24/Jul/2024:23:43:05 +0000] \"GET /jj HTTP/1.1\" 404 - \"-\" \"Mozilla/5.0 (Macintosh; Intel Mac OS X 10_15_7) AppleWebKit/537.36 (KHTML, like Gecko) Chrome/126.0.0.0 Safari/537.36\""
2024-07-25 00:43:05[logger.ts] info: "MongoDB connection established successfully"
2024-07-25 00:43:07[logger.ts] info: "::1 - - [24/Jul/2024:23:43:07 +0000] \"GET /jj HTTP/1.1\" 404 - \"-\" \"Mozilla/5.0 (Macintosh; Intel Mac OS X 10_15_7) AppleWebKit/537.36 (KHTML, like Gecko) Chrome/126.0.0.0 Safari/537.36\""
2024-07-25 00:43:13[logger.ts] info: "Shutting down server..."
2024-07-25 00:43:14[logger.ts] info: "Server is running on http://localhost:8001"
2024-07-25 00:43:14[logger.ts] info: "Attempting to connect to MongoDB..."
2024-07-25 00:43:14[logger.ts] info: "Cache is connecting"
2024-07-25 00:43:14[logger.ts] info: "Cache is ready"
2024-07-25 00:43:15[logger.ts] info: "::1 - - [24/Jul/2024:23:43:15 +0000] \"GET /jj HTTP/1.1\" 404 - \"-\" \"Mozilla/5.0 (Macintosh; Intel Mac OS X 10_15_7) AppleWebKit/537.36 (KHTML, like Gecko) Chrome/126.0.0.0 Safari/537.36\""
2024-07-25 00:43:16[logger.ts] info: "MongoDB connection established successfully"
2024-07-25 00:43:18[logger.ts] info: "::1 - - [24/Jul/2024:23:43:18 +0000] \"GET / HTTP/1.1\" 304 - \"-\" \"Mozilla/5.0 (Macintosh; Intel Mac OS X 10_15_7) AppleWebKit/537.36 (KHTML, like Gecko) Chrome/126.0.0.0 Safari/537.36\""
2024-07-25 00:43:21[logger.ts] info: "::1 - - [24/Jul/2024:23:43:21 +0000] \"GET /jj HTTP/1.1\" 404 - \"-\" \"Mozilla/5.0 (Macintosh; Intel Mac OS X 10_15_7) AppleWebKit/537.36 (KHTML, like Gecko) Chrome/126.0.0.0 Safari/537.36\""
2024-07-25 00:43:22[logger.ts] info: "::1 - - [24/Jul/2024:23:43:22 +0000] \"GET /jj HTTP/1.1\" 404 - \"-\" \"Mozilla/5.0 (Macintosh; Intel Mac OS X 10_15_7) AppleWebKit/537.36 (KHTML, like Gecko) Chrome/126.0.0.0 Safari/537.36\""
2024-07-25 00:43:41[logger.ts] info: "Shutting down server..."
2024-07-25 00:43:42[logger.ts] info: "Server is running on http://localhost:8001"
2024-07-25 00:43:42[logger.ts] info: "Attempting to connect to MongoDB..."
2024-07-25 00:43:42[logger.ts] info: "Cache is connecting"
2024-07-25 00:43:42[logger.ts] info: "Cache is ready"
2024-07-25 00:43:44[logger.ts] info: "MongoDB connection established successfully"
2024-07-25 00:43:48[logger.ts] info: "Shutting down server..."
2024-07-25 00:43:48[logger.ts] info: "Server is running on http://localhost:8001"
2024-07-25 00:43:48[logger.ts] info: "Attempting to connect to MongoDB..."
2024-07-25 00:43:48[logger.ts] info: "Cache is connecting"
2024-07-25 00:43:48[logger.ts] info: "Cache is ready"
2024-07-25 00:43:50[logger.ts] info: "MongoDB connection established successfully"
2024-07-25 00:44:19[logger.ts] info: "Shutting down server..."
2024-07-25 00:44:20[logger.ts] info: "Server is running on http://localhost:8001"
2024-07-25 00:44:20[logger.ts] info: "Attempting to connect to MongoDB..."
2024-07-25 00:44:20[logger.ts] info: "Cache is connecting"
2024-07-25 00:44:20[logger.ts] info: "Cache is ready"
2024-07-25 00:44:21[logger.ts] info: "::1 - - [24/Jul/2024:23:44:21 +0000] \"GET /jj HTTP/1.1\" 400 - \"-\" \"Mozilla/5.0 (Macintosh; Intel Mac OS X 10_15_7) AppleWebKit/537.36 (KHTML, like Gecko) Chrome/126.0.0.0 Safari/537.36\""
2024-07-25 00:44:22[logger.ts] info: "MongoDB connection established successfully"
2024-07-25 00:44:33[logger.ts] info: "Shutting down server..."
2024-07-25 00:44:34[logger.ts] info: "Server is running on http://localhost:8001"
2024-07-25 00:44:34[logger.ts] info: "Attempting to connect to MongoDB..."
2024-07-25 00:44:34[logger.ts] info: "Cache is connecting"
2024-07-25 00:44:34[logger.ts] info: "Cache is ready"
2024-07-25 00:44:35[logger.ts] info: "MongoDB connection established successfully"
2024-07-25 00:44:40[logger.ts] info: "Shutting down server..."
2024-07-25 00:44:40[logger.ts] info: "Server is running on http://localhost:8001"
2024-07-25 00:44:40[logger.ts] info: "Attempting to connect to MongoDB..."
2024-07-25 00:44:40[logger.ts] info: "Cache is connecting"
2024-07-25 00:44:40[logger.ts] info: "Cache is ready"
2024-07-25 00:44:42[logger.ts] info: "::1 - - [24/Jul/2024:23:44:42 +0000] \"GET /jj HTTP/1.1\" 404 - \"-\" \"Mozilla/5.0 (Macintosh; Intel Mac OS X 10_15_7) AppleWebKit/537.36 (KHTML, like Gecko) Chrome/126.0.0.0 Safari/537.36\""
2024-07-25 00:44:42[logger.ts] info: "MongoDB connection established successfully"
2024-07-25 00:45:07[logger.ts] info: "Shutting down server..."
2024-07-25 00:45:08[logger.ts] info: "Server is running on http://localhost:8001"
2024-07-25 00:45:08[logger.ts] info: "Attempting to connect to MongoDB..."
2024-07-25 00:45:08[logger.ts] info: "Cache is connecting"
2024-07-25 00:45:08[logger.ts] info: "Cache is ready"
2024-07-25 00:45:10[logger.ts] info: "MongoDB connection established successfully"
2024-07-25 00:46:43[logger.ts] info: "Shutting down server..."
2024-07-25 00:46:44[logger.ts] info: "Server is running on http://localhost:8001"
2024-07-25 00:46:44[logger.ts] info: "Attempting to connect to MongoDB..."
2024-07-25 00:46:44[logger.ts] info: "Cache is connecting"
2024-07-25 00:46:44[logger.ts] info: "Cache is ready"
2024-07-25 00:46:47[logger.ts] info: "MongoDB connection established successfully"
2024-07-25 00:46:52[logger.ts] info: "Shutting down server..."
2024-07-25 00:46:52[logger.ts] info: "Server is running on http://localhost:8001"
2024-07-25 00:46:52[logger.ts] info: "Attempting to connect to MongoDB..."
2024-07-25 00:46:52[logger.ts] info: "Cache is connecting"
2024-07-25 00:46:52[logger.ts] info: "Cache is ready"
2024-07-25 00:46:54[logger.ts] info: "MongoDB connection established successfully"
2024-07-25 00:48:52[logger.ts] info: "Shutting down server..."
2024-07-25 00:48:53[logger.ts] info: "Server is running on http://localhost:8001"
2024-07-25 00:48:53[logger.ts] info: "Attempting to connect to MongoDB..."
2024-07-25 00:48:53[logger.ts] info: "Cache is connecting"
2024-07-25 00:48:53[logger.ts] info: "Cache is ready"
2024-07-25 00:48:56[logger.ts] info: "MongoDB connection established successfully"
